Started GET "/" for ::1 at 2019-05-19 18:34:32 -0500
Processing by PagesController#index as HTML
  Rendering pages/index.html.erb within layouts/application
[Webpacker] Compiling…
[Webpacker] Compiled all packs in /Users/mac/Desktop/SoatCNPX/public/packs
  Rendered pages/index.html.erb within layouts/application (52746.7ms)
Completed 200 OK in 59176ms (Views: 59134.9ms | ActiveRecord: 0.0ms)


Started GET "/" for ::1 at 2019-05-19 18:44:25 -0500
Processing by PagesController#index as HTML
  Rendering pages/index.html.erb within layouts/application
[Webpacker] Compiling…
[Webpacker] Compiled all packs in /Users/mac/Desktop/SoatCNPX/public/packs
  Rendered pages/index.html.erb within layouts/application (84389.9ms)
Completed 200 OK in 84768ms (Views: 84757.7ms | ActiveRecord: 0.0ms)


Started GET "/" for ::1 at 2019-05-19 18:47:24 -0500
Processing by PagesController#index as HTML
  Rendering pages/index.html.erb within layouts/application
  Rendered pages/index.html.erb within layouts/application (173.4ms)
Completed 200 OK in 662ms (Views: 614.2ms | ActiveRecord: 0.0ms)


Started GET "/" for ::1 at 2019-05-19 18:50:51 -0500
Processing by PagesController#index as HTML
  Rendering pages/index.html.erb within layouts/application
[Webpacker] Compiling…
[Webpacker] Compiled all packs in /Users/mac/Desktop/SoatCNPX/public/packs
  Rendered pages/index.html.erb within layouts/application (76224.1ms)
Completed 200 OK in 77046ms (Views: 76937.5ms | ActiveRecord: 0.0ms)


